<?xml version="1.0" encoding="UTF-8"?>
<!-- Generated by org.testng.reporters.JUnitReportReporter -->
<testsuite hostname="DESKTOP-FIH6SJ8" failures="0" tests="1" name="tests.LogOut" time="2.905" errors="0" timestamp="2022-08-03T16:54:22 IST" skipped="0">
  <testcase classname="tests.LogOut" name="logoutpage" time="2.905"/>
  <system-out/>
</testsuite> <!-- tests.LogOut -->
